{"/Users/minny/Desktop/Course FullStackDev/demo02/src/app.ts": {"path":"/Users/minny/Desktop/Course FullStackDev/demo02/src/app.ts","statementMap":{"0":{"start":{"line":1,"column":0},"end":{"line":1,"column":30}},"1":{"start":{"line":2,"column":0},"end":{"line":2,"column":59}},"2":{"start":{"line":4,"column":12},"end":{"line":4,"column":21}},"3":{"start":{"line":5,"column":0},"end":{"line":5,"column":24}},"4":{"start":{"line":7,"column":0},"end":{"line":11,"column":3}},"5":{"start":{"line":8,"column":2},"end":{"line":10,"column":5}},"6":{"start":{"line":13,"column":0},"end":{"line":13,"column":50}},"7":{"start":{"line":14,"column":0},"end":{"line":14,"column":47}},"8":{"start":{"line":16,"column":0},"end":{"line":16,"column":19}}},"fnMap":{"0":{"name":"(anonymous_1)","decl":{"start":{"line":7,"column":13},"end":{"line":7,"column":14}},"loc":{"start":{"line":7,"column":26},"end":{"line":11,"column":1}}}},"branchMap":{},"s":{"0":3,"1":3,"2":3,"3":3,"4":3,"5":1,"6":3,"7":3,"8":3},"f":{"0":1},"b":{}}
,"/Users/minny/Desktop/Course FullStackDev/demo02/src/client.ts": {"path":"/Users/minny/Desktop/Course FullStackDev/demo02/src/client.ts","statementMap":{"0":{"start":{"line":1,"column":0},"end":{"line":1,"column":46}},"1":{"start":{"line":3,"column":15},"end":{"line":3,"column":33}},"2":{"start":{"line":4,"column":0},"end":{"line":4,"column":22}}},"fnMap":{},"branchMap":{},"s":{"0":2,"1":2,"2":2},"f":{},"b":{}}
,"/Users/minny/Desktop/Course FullStackDev/demo02/src/hello.ts": {"path":"/Users/minny/Desktop/Course FullStackDev/demo02/src/hello.ts","statementMap":{"0":{"start":{"line":1,"column":21},"end":{"line":1,"column":41}},"1":{"start":{"line":1,"column":27},"end":{"line":1,"column":41}},"2":{"start":{"line":1,"column":13},"end":{"line":1,"column":21}},"3":{"start":{"line":4,"column":2},"end":{"line":4,"column":23}}},"fnMap":{"0":{"name":"(anonymous_0)","decl":{"start":{"line":1,"column":21},"end":{"line":1,"column":24}},"loc":{"start":{"line":1,"column":27},"end":{"line":1,"column":41}}},"1":{"name":"main","decl":{"start":{"line":3,"column":9},"end":{"line":3,"column":13}},"loc":{"start":{"line":3,"column":13},"end":{"line":5,"column":1}}}},"branchMap":{},"s":{"0":1,"1":1,"2":1,"3":0},"f":{"0":1,"1":0},"b":{}}
,"/Users/minny/Desktop/Course FullStackDev/demo02/src/controllers/post.controller.ts": {"path":"/Users/minny/Desktop/Course FullStackDev/demo02/src/controllers/post.controller.ts","statementMap":{"0":{"start":{"line":2,"column":0},"end":{"line":2,"column":31}},"1":{"start":{"line":3,"column":0},"end":{"line":3,"column":57}},"2":{"start":{"line":5,"column":0},"end":{"line":5,"column":18}},"3":{"start":{"line":8,"column":2},"end":{"line":15,"column":3}},"4":{"start":{"line":9,"column":31},"end":{"line":9,"column":39}},"5":{"start":{"line":10,"column":27},"end":{"line":10,"column":64}},"6":{"start":{"line":11,"column":24},"end":{"line":11,"column":71}},"7":{"start":{"line":12,"column":4},"end":{"line":12,"column":38}},"8":{"start":{"line":14,"column":4},"end":{"line":14,"column":39}},"9":{"start":{"line":18,"column":21},"end":{"line":26,"column":2}},"10":{"start":{"line":18,"column":59},"end":{"line":26,"column":2}},"11":{"start":{"line":19,"column":2},"end":{"line":25,"column":3}},"12":{"start":{"line":20,"column":27},"end":{"line":20,"column":64}},"13":{"start":{"line":21,"column":22},"end":{"line":21,"column":53}},"14":{"start":{"line":22,"column":4},"end":{"line":22,"column":36}},"15":{"start":{"line":24,"column":4},"end":{"line":24,"column":39}},"16":{"start":{"line":28,"column":0},"end":{"line":31,"column":2}}},"fnMap":{"0":{"name":"createBlogPost","decl":{"start":{"line":7,"column":15},"end":{"line":7,"column":29}},"loc":{"start":{"line":7,"column":57},"end":{"line":16,"column":null}}},"1":{"name":"(anonymous_10)","decl":{"start":{"line":18,"column":21},"end":{"line":18,"column":28}},"loc":{"start":{"line":18,"column":59},"end":{"line":26,"column":2}}},"2":{"name":"(anonymous_11)","decl":{"start":{"line":18,"column":59},"end":{"line":18,"column":null}},"loc":{"start":{"line":18,"column":59},"end":{"line":26,"column":1}}}},"branchMap":{},"s":{"0":3,"1":3,"2":3,"3":2,"4":2,"5":2,"6":2,"7":1,"8":1,"9":3,"10":2,"11":2,"12":2,"13":2,"14":1,"15":1,"16":3},"f":{"0":2,"1":2,"2":2},"b":{}}
,"/Users/minny/Desktop/Course FullStackDev/demo02/src/repositories/post.repository.ts": {"path":"/Users/minny/Desktop/Course FullStackDev/demo02/src/repositories/post.repository.ts","statementMap":{"0":{"start":{"line":1,"column":0},"end":{"line":1,"column":31}},"1":{"start":{"line":3,"column":0},"end":{"line":3,"column":18}},"2":{"start":{"line":20,"column":4},"end":{"line":30,"column":5}},"3":{"start":{"line":21,"column":19},"end":{"line":26,"column":8}},"4":{"start":{"line":27,"column":6},"end":{"line":27,"column":18}},"5":{"start":{"line":29,"column":6},"end":{"line":29,"column":45}},"6":{"start":{"line":34,"column":4},"end":{"line":39,"column":5}},"7":{"start":{"line":35,"column":20},"end":{"line":35,"column":48}},"8":{"start":{"line":36,"column":6},"end":{"line":36,"column":19}},"9":{"start":{"line":38,"column":6},"end":{"line":38,"column":45}},"10":{"start":{"line":42,"column":0},"end":{"line":44,"column":2}}},"fnMap":{"0":{"name":"(anonymous_8)","decl":{"start":{"line":19,"column":8},"end":{"line":19,"column":18}},"loc":{"start":{"line":19,"column":49},"end":{"line":31,"column":null}}},"1":{"name":"(anonymous_10)","decl":{"start":{"line":33,"column":8},"end":{"line":33,"column":16}},"loc":{"start":{"line":33,"column":16},"end":{"line":40,"column":null}}}},"branchMap":{},"s":{"0":3,"1":3,"2":2,"3":2,"4":1,"5":1,"6":2,"7":2,"8":1,"9":1,"10":3},"f":{"0":2,"1":2},"b":{}}
}
