TN:
SF:src/app.ts
FN:7,(anonymous_1)
FNF:1
FNH:1
FNDA:1,(anonymous_1)
DA:1,3
DA:2,3
DA:4,3
DA:5,3
DA:7,3
DA:8,1
DA:13,3
DA:14,3
DA:16,3
LF:9
LH:9
BRF:0
BRH:0
end_of_record
TN:
SF:src/client.ts
FNF:0
FNH:0
DA:1,2
DA:3,2
DA:4,2
LF:3
LH:3
BRF:0
BRH:0
end_of_record
TN:
SF:src/hello.ts
FN:1,(anonymous_0)
FN:3,main
FNF:2
FNH:1
FNDA:1,(anonymous_0)
FNDA:0,main
DA:1,1
DA:4,0
LF:2
LH:1
BRF:0
BRH:0
end_of_record
TN:
SF:src/controllers/post.controller.ts
FN:7,createBlogPost
FN:18,(anonymous_10)
FN:18,(anonymous_11)
FNF:3
FNH:3
FNDA:2,createBlogPost
FNDA:2,(anonymous_10)
FNDA:2,(anonymous_11)
DA:2,3
DA:3,3
DA:5,3
DA:8,2
DA:9,2
DA:10,2
DA:11,2
DA:12,1
DA:14,1
DA:18,3
DA:19,2
DA:20,2
DA:21,2
DA:22,1
DA:24,1
DA:28,3
LF:16
LH:16
BRF:0
BRH:0
end_of_record
TN:
SF:src/repositories/post.repository.ts
FN:19,(anonymous_8)
FN:33,(anonymous_10)
FNF:2
FNH:2
FNDA:2,(anonymous_8)
FNDA:2,(anonymous_10)
DA:1,3
DA:3,3
DA:20,2
DA:21,2
DA:27,1
DA:29,1
DA:34,2
DA:35,2
DA:36,1
DA:38,1
DA:42,3
LF:11
LH:11
BRF:0
BRH:0
end_of_record
